app-core/build/intermediates/manifest_merge_blame_file/release/manifest-merger-blame-release-report.txt
1<?xml version="1.0" encoding="utf-8"?>
2<!--
3  ~ ************************************************************************************************
4  ~ * © 2020, 2022 Qualcomm Technologies, Inc. and/or its subsidiaries. All rights reserved.       *
5  ~ ************************************************************************************************
6-->
7<manifest xmlns:android="http://schemas.android.com/apk/res/android"
8    package="com.qualcomm.qti.gaiaclient.core" >
9
10    <uses-sdk android:minSdkVersion="24" />
11
12    <uses-permission android:name="android.permission.BLUETOOTH" />
12-->src\main\AndroidManifest.xml:9:5-68
12-->src\main\AndroidManifest.xml:9:22-65
13    <uses-permission android:name="android.permission.BLUETOOTH_ADMIN" />
13-->src\main\AndroidManifest.xml:10:5-74
13-->src\main\AndroidManifest.xml:10:22-71
14    <uses-permission android:name="android.permission.ACCESS_FINE_LOCATION" />
14-->src\main\AndroidManifest.xml:11:5-79
14-->src\main\AndroidManifest.xml:11:22-76
15    <uses-permission android:name="android.permission.ACCESS_COARSE_LOCATION" />
15-->src\main\AndroidManifest.xml:12:5-81
15-->src\main\AndroidManifest.xml:12:22-78
16
17</manifest>